-------------------------------------------------------------------------------
Test set: com.Spring.MyPostBank.AccountServiceIntegrationTest
-------------------------------------------------------------------------------
Tests run: 1, Failures: 0, Errors: 1, Skipped: 0, Time elapsed: 0.020 s <<< FAILURE! -- in com.Spring.MyPostBank.AccountServiceIntegrationTest
com.Spring.MyPostBank.AccountServiceIntegrationTest.testTransfer -- Time elapsed: 0.011 s <<< ERROR!
java.lang.NullPointerException: Cannot invoke "com.Spring.MyPostBank.Models.User.getFirstName()" because the return value of "com.Spring.MyPostBank.Models.BankAccount.getUser()" is null
	at com.Spring.MyPostBank.Services.UserServiceImpl.transfer(UserServiceImpl.java:134)
	at java.base/jdk.internal.reflect.DirectMethodHandleAccessor.invoke(DirectMethodHandleAccessor.java:103)
	at java.base/java.lang.reflect.Method.invoke(Method.java:580)
	at org.springframework.aop.support.AopUtils.invokeJoinpointUsingReflection(AopUtils.java:351)
	at org.springframework.aop.framework.ReflectiveMethodInvocation.invokeJoinpoint(ReflectiveMethodInvocation.java:196)
	at org.springframework.aop.framework.ReflectiveMethodInvocation.proceed(ReflectiveMethodInvocation.java:163)
	at org.springframework.aop.framework.CglibAopProxy$CglibMethodInvocation.proceed(CglibAopProxy.java:765)
	at org.springframework.transaction.interceptor.TransactionInterceptor$1.proceedWithInvocation(TransactionInterceptor.java:123)
	at org.springframework.transaction.interceptor.TransactionAspectSupport.invokeWithinTransaction(TransactionAspectSupport.java:392)
	at org.springframework.transaction.interceptor.TransactionInterceptor.invoke(TransactionInterceptor.java:119)
	at org.springframework.aop.framework.ReflectiveMethodInvocation.proceed(ReflectiveMethodInvocation.java:184)
	at org.springframework.aop.framework.CglibAopProxy$CglibMethodInvocation.proceed(CglibAopProxy.java:765)
	at org.springframework.aop.framework.CglibAopProxy$DynamicAdvisedInterceptor.intercept(CglibAopProxy.java:717)
	at com.Spring.MyPostBank.Services.UserServiceImpl$$SpringCGLIB$$0.transfer(<generated>)
	at com.Spring.MyPostBank.AccountServiceIntegrationTest.testTransfer(AccountServiceIntegrationTest.java:59)
	at java.base/java.lang.reflect.Method.invoke(Method.java:580)
	at java.base/java.util.ArrayList.forEach(ArrayList.java:1597)
	at java.base/java.util.ArrayList.forEach(ArrayList.java:1597)

